<?xml version="1.0" encoding="UTF-8"?>
<testng-results skipped="0" failed="0" ignored="0" total="3" passed="3">
  <reporter-output>
  </reporter-output>
  <suite name="Default suite" duration-ms="367" started-at="2019-08-29T06:04:30Z" finished-at="2019-08-29T06:04:31Z">
    <groups>
    </groups>
    <test name="Default test" duration-ms="367" started-at="2019-08-29T06:04:30Z" finished-at="2019-08-29T06:04:31Z">
      <class name="demo.app.demo.app.BackendTest">
        <test-method status="PASS" signature="setUp()[pri:0, instance:demo.app.demo.app.BackendTest@5702b3b1]" name="setUp" is-config="true" duration-ms="310" started-at="2019-08-29T06:04:30Z" finished-at="2019-08-29T06:04:30Z">
          <reporter-output>
          </reporter-output>
        </test-method> <!-- setUp -->
        <test-method status="PASS" signature="test()[pri:1, instance:demo.app.demo.app.BackendTest@5702b3b1]" name="test" duration-ms="21" started-at="2019-08-29T06:04:31Z" description="get all data" finished-at="2019-08-29T06:04:31Z">
          <reporter-output>
          </reporter-output>
        </test-method> <!-- test -->
        <test-method status="PASS" signature="gettitle()[pri:2, instance:demo.app.demo.app.BackendTest@5702b3b1]" name="gettitle" duration-ms="3" started-at="2019-08-29T06:04:31Z" finished-at="2019-08-29T06:04:31Z">
          <reporter-output>
          </reporter-output>
        </test-method> <!-- gettitle -->
        <test-method status="PASS" signature="getsingledata()[pri:3, instance:demo.app.demo.app.BackendTest@5702b3b1]" name="getsingledata" duration-ms="5" started-at="2019-08-29T06:04:31Z" description="positive testing" finished-at="2019-08-29T06:04:31Z">
          <reporter-output>
          </reporter-output>
        </test-method> <!-- getsingledata -->
        <test-method status="PASS" signature="tearDown()[pri:0, instance:demo.app.demo.app.BackendTest@5702b3b1]" name="tearDown" is-config="true" duration-ms="0" started-at="2019-08-29T06:04:31Z" finished-at="2019-08-29T06:04:31Z">
          <reporter-output>
          </reporter-output>
        </test-method> <!-- tearDown -->
      </class> <!-- demo.app.demo.app.BackendTest -->
    </test> <!-- Default test -->
  </suite> <!-- Default suite -->
</testng-results>
