<?xml version="1.0" encoding="UTF-8"?>
<!-- Generated by org.testng.reporters.JUnitXMLReporter -->
<testsuite hostname="varshitha-ThinkPad-L450" ignored="0" name="Default test" tests="3" failures="0" timestamp="29 Aug 2019 06:04:31 GMT" time="0.367" errors="0">
  <testcase name="test" time="0.021" classname="demo.app.demo.app.BackendTest"/>
  <testcase name="gettitle" time="0.003" classname="demo.app.demo.app.BackendTest"/>
  <testcase name="getsingledata" time="0.005" classname="demo.app.demo.app.BackendTest"/>
</testsuite> <!-- Default test -->
